[2025-07-11 17:56:52Z INFO HostContext] No proxy settings were found based on environmental variables (http_proxy/https_proxy/HTTP_PROXY/HTTPS_PROXY)
[2025-07-11 17:56:52Z INFO HostContext] Well known directory 'Bin': 'F:\Web_Develpoment\Front_End\React\todo-list\actions-runner\bin'
[2025-07-11 17:56:52Z INFO HostContext] Well known directory 'Root': 'F:\Web_Develpoment\Front_End\React\todo-list\actions-runner'
[2025-07-11 17:56:52Z INFO HostContext] Well known config file 'Credentials': 'F:\Web_Develpoment\Front_End\React\todo-list\actions-runner\.credentials'
[2025-07-11 17:56:52Z INFO HostContext] Well known directory 'Bin': 'F:\Web_Develpoment\Front_End\React\todo-list\actions-runner\bin'
[2025-07-11 17:56:52Z INFO HostContext] Well known directory 'Root': 'F:\Web_Develpoment\Front_End\React\todo-list\actions-runner'
[2025-07-11 17:56:52Z INFO HostContext] Well known config file 'Runner': 'F:\Web_Develpoment\Front_End\React\todo-list\actions-runner\.runner'
[2025-07-11 17:56:52Z INFO Listener] Runner is built for Windows (X64) - win-x64.
[2025-07-11 17:56:52Z INFO Listener] RuntimeInformation: Microsoft Windows 10.0.19045.
[2025-07-11 17:56:52Z INFO Listener] Version: 2.326.0
[2025-07-11 17:56:52Z INFO Listener] Commit: de0233c4d64676d8ebd16074221ae1e0e0bf2a13
[2025-07-11 17:56:52Z INFO Listener] Culture: en-US
[2025-07-11 17:56:52Z INFO Listener] UI Culture: en-US
[2025-07-11 17:56:52Z INFO HostContext] Well known directory 'Bin': 'F:\Web_Develpoment\Front_End\React\todo-list\actions-runner\bin'
[2025-07-11 17:56:52Z INFO HostContext] Well known directory 'Root': 'F:\Web_Develpoment\Front_End\React\todo-list\actions-runner'
[2025-07-11 17:56:52Z INFO Listener] Validating directory permissions for: 'F:\Web_Develpoment\Front_End\React\todo-list\actions-runner'
[2025-07-11 17:56:52Z INFO CommandLineParser] Parse
[2025-07-11 17:56:52Z INFO CommandLineParser] Parsing 1 args
[2025-07-11 17:56:52Z INFO CommandLineParser] parsing argument
[2025-07-11 17:56:52Z INFO CommandLineParser] HasArgs: False
[2025-07-11 17:56:52Z INFO CommandLineParser] Adding Command: run
[2025-07-11 17:56:52Z INFO Listener] Arguments parsed
[2025-07-11 17:56:52Z INFO Runner] ExecuteCommand
[2025-07-11 17:56:52Z INFO ConfigurationStore] currentAssemblyLocation: F:\Web_Develpoment\Front_End\React\todo-list\actions-runner\bin\Runner.Listener.dll
[2025-07-11 17:56:52Z INFO HostContext] Well known directory 'Bin': 'F:\Web_Develpoment\Front_End\React\todo-list\actions-runner\bin'
[2025-07-11 17:56:52Z INFO ConfigurationStore] binPath: F:\Web_Develpoment\Front_End\React\todo-list\actions-runner\bin
[2025-07-11 17:56:52Z INFO HostContext] Well known directory 'Bin': 'F:\Web_Develpoment\Front_End\React\todo-list\actions-runner\bin'
[2025-07-11 17:56:52Z INFO HostContext] Well known directory 'Root': 'F:\Web_Develpoment\Front_End\React\todo-list\actions-runner'
[2025-07-11 17:56:52Z INFO ConfigurationStore] RootFolder: F:\Web_Develpoment\Front_End\React\todo-list\actions-runner
[2025-07-11 17:56:52Z INFO HostContext] Well known directory 'Bin': 'F:\Web_Develpoment\Front_End\React\todo-list\actions-runner\bin'
[2025-07-11 17:56:52Z INFO HostContext] Well known directory 'Root': 'F:\Web_Develpoment\Front_End\React\todo-list\actions-runner'
[2025-07-11 17:56:52Z INFO HostContext] Well known config file 'Runner': 'F:\Web_Develpoment\Front_End\React\todo-list\actions-runner\.runner'
[2025-07-11 17:56:52Z INFO ConfigurationStore] ConfigFilePath: F:\Web_Develpoment\Front_End\React\todo-list\actions-runner\.runner
[2025-07-11 17:56:52Z INFO HostContext] Well known directory 'Bin': 'F:\Web_Develpoment\Front_End\React\todo-list\actions-runner\bin'
[2025-07-11 17:56:52Z INFO HostContext] Well known directory 'Root': 'F:\Web_Develpoment\Front_End\React\todo-list\actions-runner'
[2025-07-11 17:56:52Z INFO HostContext] Well known config file 'MigratedRunner': 'F:\Web_Develpoment\Front_End\React\todo-list\actions-runner\.runner_migrated'
[2025-07-11 17:56:52Z INFO ConfigurationStore] MigratedConfigFilePath: F:\Web_Develpoment\Front_End\React\todo-list\actions-runner\.runner_migrated
[2025-07-11 17:56:52Z INFO HostContext] Well known directory 'Bin': 'F:\Web_Develpoment\Front_End\React\todo-list\actions-runner\bin'
[2025-07-11 17:56:52Z INFO HostContext] Well known directory 'Root': 'F:\Web_Develpoment\Front_End\React\todo-list\actions-runner'
[2025-07-11 17:56:52Z INFO HostContext] Well known config file 'Credentials': 'F:\Web_Develpoment\Front_End\React\todo-list\actions-runner\.credentials'
[2025-07-11 17:56:52Z INFO ConfigurationStore] CredFilePath: F:\Web_Develpoment\Front_End\React\todo-list\actions-runner\.credentials
[2025-07-11 17:56:52Z INFO HostContext] Well known directory 'Bin': 'F:\Web_Develpoment\Front_End\React\todo-list\actions-runner\bin'
[2025-07-11 17:56:52Z INFO HostContext] Well known directory 'Root': 'F:\Web_Develpoment\Front_End\React\todo-list\actions-runner'
[2025-07-11 17:56:52Z INFO HostContext] Well known config file 'MigratedCredentials': 'F:\Web_Develpoment\Front_End\React\todo-list\actions-runner\.credentials_migrated'
[2025-07-11 17:56:52Z INFO ConfigurationStore] MigratedCredFilePath: F:\Web_Develpoment\Front_End\React\todo-list\actions-runner\.credentials_migrated
[2025-07-11 17:56:52Z INFO HostContext] Well known directory 'Bin': 'F:\Web_Develpoment\Front_End\React\todo-list\actions-runner\bin'
[2025-07-11 17:56:52Z INFO HostContext] Well known directory 'Root': 'F:\Web_Develpoment\Front_End\React\todo-list\actions-runner'
[2025-07-11 17:56:52Z INFO HostContext] Well known config file 'Service': 'F:\Web_Develpoment\Front_End\React\todo-list\actions-runner\.service'
[2025-07-11 17:56:52Z INFO ConfigurationStore] ServiceConfigFilePath: F:\Web_Develpoment\Front_End\React\todo-list\actions-runner\.service
[2025-07-11 17:56:52Z INFO CommandSettings] Flag 'help': 'False'
[2025-07-11 17:56:52Z INFO CommandSettings] Flag 'version': 'False'
[2025-07-11 17:56:52Z INFO CommandSettings] Flag 'commit': 'False'
[2025-07-11 17:56:52Z INFO CommandSettings] Flag 'check': 'False'
[2025-07-11 17:56:52Z INFO CommandSettings] Command 'configure': 'False'
[2025-07-11 17:56:52Z INFO CommandSettings] Command 'remove': 'False'
[2025-07-11 17:56:52Z INFO CommandSettings] Command 'warmup': 'False'
[2025-07-11 17:56:52Z INFO ConfigurationManager] LoadSettings
[2025-07-11 17:56:52Z INFO ConfigurationStore] IsConfigured()
[2025-07-11 17:56:52Z INFO ConfigurationStore] IsConfigured: True
[2025-07-11 17:56:52Z INFO ConfigurationManager] Is configured: True
[2025-07-11 17:56:52Z INFO ConfigurationStore] Read setting file: 403 chars
[2025-07-11 17:56:52Z INFO ConfigurationManager] Settings Loaded
[2025-07-11 17:56:52Z INFO ConfigurationStore] IsServiceConfigured()
[2025-07-11 17:56:52Z INFO ConfigurationStore] IsServiceConfigured: False
[2025-07-11 17:56:52Z INFO CommandSettings] Command 'run': 'True'
[2025-07-11 17:56:52Z INFO ConfigurationStore] IsConfigured()
[2025-07-11 17:56:52Z INFO ConfigurationStore] IsConfigured: True
[2025-07-11 17:56:52Z INFO ConfigurationManager] Is configured: True
[2025-07-11 17:56:52Z INFO Runner] Could not parse the argument value '' for StartupType. Defaulting to Manual
[2025-07-11 17:56:52Z INFO Runner] Set runner startup type - Manual
[2025-07-11 17:56:52Z INFO CommandSettings] Flag 'once': 'False'
[2025-07-11 17:56:52Z INFO CommandSettings] Flag 'once': 'False'
[2025-07-11 17:56:52Z INFO Runner] RunAsync
[2025-07-11 17:56:52Z INFO ConfigurationManager] LoadMigratedSettings
[2025-07-11 17:56:52Z INFO ConfigurationStore] IsMigratedConfigured()
[2025-07-11 17:56:52Z INFO ConfigurationStore] IsMigratedConfigured: False
[2025-07-11 17:56:52Z INFO Runner] Failed to load migrated settings: No migrated configuration found.
[2025-07-11 17:56:52Z INFO Runner] Falling back to original .runner settings
[2025-07-11 17:56:52Z INFO Runner] Using BrokerMessageListener
[2025-07-11 17:56:52Z INFO BrokerMessageListener] Using provided settings
[2025-07-11 17:56:52Z INFO BrokerMessageListener] {
  "AgentId": 2,
  "AgentName": "DESKTOP-6ME797O",
  "PoolId": 1,
  "PoolName": "Default",
  "ServerUrl": "https://pipelinesghubeus10.actions.githubusercontent.com/432M9Rp1OkDJ4gpoHe8z3gGvQf3t8QT990uK8U4aRmbkXDZBSb/",
  "GitHubUrl": "https://github.com/Abhishekkkk-15/todo-list",
  "WorkFolder": "_work",
  "UseV2Flow": true,
  "ServerUrlV2": "https://broker.actions.githubusercontent.com/"
}
[2025-07-11 17:56:52Z INFO BrokerMessageListener] Loading Credentials
[2025-07-11 17:56:52Z INFO ConfigurationStore] HasCredentials()
[2025-07-11 17:56:52Z INFO ConfigurationStore] stored True
[2025-07-11 17:56:52Z INFO CredentialManager] GetCredentialProvider
[2025-07-11 17:56:52Z INFO CredentialManager] Creating type OAuth
[2025-07-11 17:56:52Z INFO CredentialManager] Creating credential type: OAuth
[2025-07-11 17:56:52Z INFO HostContext] Well known directory 'Bin': 'F:\Web_Develpoment\Front_End\React\todo-list\actions-runner\bin'
[2025-07-11 17:56:52Z INFO HostContext] Well known directory 'Root': 'F:\Web_Develpoment\Front_End\React\todo-list\actions-runner'
[2025-07-11 17:56:52Z INFO HostContext] Well known config file 'RSACredentials': 'F:\Web_Develpoment\Front_End\React\todo-list\actions-runner\.credentials_rsaparams'
[2025-07-11 17:56:52Z INFO RSAEncryptedFileKeyManager] Loading RSA key parameters from file F:\Web_Develpoment\Front_End\React\todo-list\actions-runner\.credentials_rsaparams
[2025-07-11 17:56:52Z INFO BrokerMessageListener] Attempt to create session.
[2025-07-11 17:56:52Z INFO BrokerMessageListener] Connecting to the Broker Server...
[2025-07-11 17:56:52Z INFO ConfigurationStore] HasCredentials()
[2025-07-11 17:56:52Z INFO ConfigurationStore] stored True
[2025-07-11 17:56:52Z INFO CredentialManager] GetCredentialProvider
[2025-07-11 17:56:52Z INFO CredentialManager] Creating type OAuth
[2025-07-11 17:56:52Z INFO CredentialManager] Creating credential type: OAuth
[2025-07-11 17:56:52Z INFO RSAEncryptedFileKeyManager] Loading RSA key parameters from file F:\Web_Develpoment\Front_End\React\todo-list\actions-runner\.credentials_rsaparams
[2025-07-11 17:56:52Z INFO BrokerMessageListener] VssConnection created
[2025-07-11 17:56:52Z INFO BrokerMessageListener] Connecting to the Runner server...
[2025-07-11 17:56:52Z INFO RunnerServer] EstablishVssConnection
[2025-07-11 17:56:52Z INFO RunnerServer] Establish connection with 100 seconds timeout.
[2025-07-11 17:56:52Z INFO GitHubActionsService] Starting operation Location.GetConnectionData
[2025-07-11 17:56:52Z INFO RunnerServer] EstablishVssConnection
[2025-07-11 17:56:52Z INFO RunnerServer] Establish connection with 60 seconds timeout.
[2025-07-11 17:56:52Z INFO GitHubActionsService] Starting operation Location.GetConnectionData
[2025-07-11 17:56:52Z INFO RunnerServer] EstablishVssConnection
[2025-07-11 17:56:52Z INFO RunnerServer] Establish connection with 60 seconds timeout.
[2025-07-11 17:56:52Z INFO GitHubActionsService] Starting operation Location.GetConnectionData
[2025-07-11 17:56:53Z INFO GitHubActionsService] Finished operation Location.GetConnectionData
[2025-07-11 17:56:53Z INFO GitHubActionsService] Finished operation Location.GetConnectionData
[2025-07-11 17:56:53Z INFO GitHubActionsService] Finished operation Location.GetConnectionData
[2025-07-11 17:56:54Z INFO BrokerMessageListener] VssConnection created
[2025-07-11 17:56:54Z INFO Terminal] WRITE LINE: 
[2025-07-11 17:56:54Z INFO Terminal] WRITE LINE: 
[2025-07-11 17:56:54Z INFO RSAEncryptedFileKeyManager] Loading RSA key parameters from file F:\Web_Develpoment\Front_End\React\todo-list\actions-runner\.credentials_rsaparams
[2025-07-11 17:56:54Z INFO RSAEncryptedFileKeyManager] Loading RSA key parameters from file F:\Web_Develpoment\Front_End\React\todo-list\actions-runner\.credentials_rsaparams
[2025-07-11 17:56:55Z INFO GitHubActionsService] AAD Correlation ID for this token request: Unknown
[2025-07-11 17:56:56Z INFO BrokerMessageListener] Session created.
[2025-07-11 17:56:56Z INFO Terminal] WRITE LINE: Current runner version: '2.326.0'
[2025-07-11 17:56:56Z INFO Terminal] WRITE LINE: 2025-07-11 17:56:56Z: Listening for Jobs
[2025-07-11 17:56:56Z INFO JobDispatcher] Set runner/worker IPC timeout to 30 seconds.
